<?xml version="1.0" encoding="UTF-8" ?>
<testsuite failures="0" time="0.094" errors="0" skipped="0" tests="5" name="net.sf.downloadr.flickr.FlickrXmlParserTest">
  <properties>
[...]
</properties>
  <testcase time="9.203" name="testGetPhotoSets"/>
  <testcase time="0.765" name="testGetPhotosInASet"/>
  <testcase time="0.828" name="testGetPhoto"/>
  <testcase time="0.266" name="testLookupUser"/>
  <testcase time="0.016" name="testConfig"/>
  <testcase time="0.016" name="testMd5"/>
  <testcase time="0.656" name="testDownloadUrl"/>
  <testcase time="0" name="testParsePhotosetResponse"/>
  <testcase time="0" name="testParsePhotoResponse"/>
  <testcase time="0" name="testParsePhotoSizeResponse"/>
  <testcase time="0.016" name="testParsePhotosResponse"/>
  <testcase time="0" name="testParseUserLookupResponse"/>
</testsuite>